[    9821ms] [INFO] %cDownload the React DevTools for a better development experience: https://react.dev/link/react-devtools font-weight:bold @ http://localhost:3000/_next/static/chunks/0i.d_next_dist_12dseuv._.js:2431
[    9951ms] [LOG] [HMR] connected @ http://localhost:3000/_next/static/chunks/0i.d_next_dist_12dseuv._.js:2431
[   10326ms] [ERROR] A tree hydrated but some attributes of the server rendered HTML didn't match the client properties. This won't be patched up. This can happen if a SSR-ed Client Component used:

- A server/client branch `if (typeof window !== 'undefined')`.
- Variable input such as `Date.now()` or `Math.random()` which changes each time it's called.
- Date formatting in a user's locale which doesn't match the server.
- External changing data without sending a snapshot of it along with the HTML.
- Invalid HTML tag nesting.

It can also happen if the client has a browser extension installed which messes with the HTML before React loaded.

%s%s https://react.dev/link/hydration-mismatch 

  ...
    <HotReload globalError={[...]} webSocket={WebSocket} staticIndicatorState={{pathname:null, ...}}>
      <AppDevOverlayErrorBoundary globalError={[...]}>
        <ReplaySsrOnlyErrors>
        <DevRootHTTPAccessFallbackBoundary>
          <HTTPAccessFallbackBoundary notFound={<NotAllowedRootHTTPFallbackError>}>
            <HTTPAccessFallbackErrorBoundary pathname="/" notFound={<NotAllowedRootHTTPFallbackError>} ...>
              <RedirectBoundary>
                <RedirectErrorBoundary router={{...}}>
                  <Head>
                  <__next_root_layout_boundary__>
                    <SegmentViewNode type="layout" pagePath="unitedcham...">
                      <SegmentTrieNode>
                      <link>
                      <script>
                      <script>
                      <script>
                      <script>
                      <script>
                      <script>
                      <script>
                      <script>
                      <RootLayout>
                        <html lang="el" className="roboto_con..." suppressHydrationWarning={true}>
                          <head>
                            <style
+                             nonce="NMTpFresztHN1oIBx7+iuA=="
-                             nonce=""
                            >
+                             :root { --brand-h: 220 }
                          ...
                  ...
 @ http://localhost:3000/_next/static/chunks/0i.d_next_dist_12dseuv._.js:3272
[   10920ms] [ERROR] Loading the script 'https://va.vercel-scripts.com/v1/script.debug.js' violates the following Content Security Policy directive: "script-src 'self' 'nonce-NMTpFresztHN1oIBx7+iuA==' https://cdnjs.cloudflare.com 'unsafe-eval'". Note that 'script-src-elem' was not explicitly set, so 'script-src' is used as a fallback. The action has been blocked. @ http://localhost:3000/_next/static/chunks/0i.d_%40vercel_analytics_dist_next_index_mjs_0-jiqfn._.js:135
[   10921ms] [ERROR] Loading the script 'https://va.vercel-scripts.com/v1/speed-insights/script.debug.js' violates the following Content Security Policy directive: "script-src 'self' 'nonce-NMTpFresztHN1oIBx7+iuA==' https://cdnjs.cloudflare.com 'unsafe-eval'". Note that 'script-src-elem' was not explicitly set, so 'script-src' is used as a fallback. The action has been blocked. @ http://localhost:3000/_next/static/chunks/0i.d_%40vercel_speed-insights_dist_next_index_mjs_0xgpi97._.js:152
[   10941ms] [LOG] [Vercel Web Analytics] Failed to load script from https://va.vercel-scripts.com/v1/script.debug.js. Please check if any ad blockers are enabled and try again. @ http://localhost:3000/_next/static/chunks/0i.d_next_dist_12dseuv._.js:2431
[   10942ms] [LOG] [Vercel Speed Insights] Failed to load script from https://va.vercel-scripts.com/v1/speed-insights/script.debug.js. Please check if any content blockers are enabled and try again. @ http://localhost:3000/_next/static/chunks/0i.d_next_dist_12dseuv._.js:2431
[   11234ms] [WARNING] [VANTA] No THREE defined on window @ http://localhost:3000/_next/static/chunks/0i.d_next_dist_12dseuv._.js:2431
[   11235ms] [ERROR] [VANTA] Init error TypeError: l is not a constructor
    at d.onInit (https://cdnjs.cloudflare.com/ajax/libs/vanta/0.5.24/vanta.topology.min.js:1:9372)
    at d.init (https://cdnjs.cloudflare.com/ajax/libs/vanta/0.5.24/vanta.topology.min.js:1:8002)
    at new r.VantaBase (https://cdnjs.cloudflare.com/ajax/libs/vanta/0.5.24/vanta.topology.min.js:1:2384)
    at new p (https://cdnjs.cloudflare.com/ajax/libs/vanta/0.5.24/vanta.topology.min.js:1:8682)
    at new d (https://cdnjs.cloudflare.com/ajax/libs/vanta/0.5.24/vanta.topology.min.js:1:9341)
    at r.<computed> [as TOPOLOGY] (https://cdnjs.cloudflare.com/ajax/libs/vanta/0.5.24/vanta.topology.min.js:1:1220)
    at VantaSection.useCallback[init] (http://localhost:3000/_next/static/chunks/unitedchamp_unitedchamp_src_0cqinu3._.js:542:45)
    at HTMLScriptElement.<anonymous> (http://localhost:3000/_next/static/chunks/0i.d_next_071yp6c._.js:144:24) @ http://localhost:3000/_next/static/chunks/0i.d_next_dist_12dseuv._.js:3272
[   11235ms] [LOG] [VANTA] Falling back to backgroundColor @ http://localhost:3000/_next/static/chunks/0i.d_next_dist_12dseuv._.js:2431
[   29327ms] [LOG] [Fast Refresh] rebuilding @ http://localhost:3000/_next/static/chunks/0i.d_next_dist_12dseuv._.js:2431
[   29389ms] [LOG] [Fast Refresh] done in 203ms @ http://localhost:3000/_next/static/chunks/0i.d_next_dist_12dseuv._.js:2431
[   99366ms] [LOG] [Fast Refresh] rebuilding @ http://localhost:3000/_next/static/chunks/0i.d_next_dist_12dseuv._.js:2431
[  100276ms] [LOG] [Fast Refresh] done in 922ms @ http://localhost:3000/_next/static/chunks/0i.d_next_dist_12dseuv._.js:2431
[  100378ms] [LOG] [Fast Refresh] rebuilding @ http://localhost:3000/_next/static/chunks/0i.d_next_dist_12dseuv._.js:2431
[  100472ms] [LOG] [Fast Refresh] done in 194ms @ http://localhost:3000/_next/static/chunks/0i.d_next_dist_12dseuv._.js:2431
[  101365ms] [WARNING] Image with src "/carousel1.jpg" was detected as the Largest Contentful Paint (LCP). Please add the `loading="eager"` property if this image is above the fold.
Read more: https://nextjs.org/docs/app/api-reference/components/image#loading @ http://localhost:3000/_next/static/chunks/0i.d_next_dist_12dseuv._.js:2431
[  104931ms] [LOG] [Fast Refresh] rebuilding @ http://localhost:3000/_next/static/chunks/0i.d_next_dist_12dseuv._.js:2431
[  105875ms] [LOG] [Fast Refresh] done in 919ms @ http://localhost:3000/_next/static/chunks/0i.d_next_dist_12dseuv._.js:2431
[  105983ms] [LOG] [Fast Refresh] rebuilding @ http://localhost:3000/_next/static/chunks/0i.d_next_dist_12dseuv._.js:2431
[  106043ms] [LOG] [Fast Refresh] done in 167ms @ http://localhost:3000/_next/static/chunks/0i.d_next_dist_12dseuv._.js:2431
