[     170ms] [LOG] [Fast Refresh] rebuilding @ http://localhost:3000/_next/static/chunks/0i.d_next_dist_12dseuv._.js:2431
[     247ms] [LOG] [Fast Refresh] done in 181ms @ http://localhost:3000/_next/static/chunks/0i.d_next_dist_12dseuv._.js:2431
[     352ms] [LOG] [Fast Refresh] rebuilding @ http://localhost:3000/_next/static/chunks/0i.d_next_dist_12dseuv._.js:2431
[    1348ms] [INFO] %cDownload the React DevTools for a better development experience: https://react.dev/link/react-devtools font-weight:bold @ http://localhost:3000/_next/static/chunks/0i.d_next_dist_12dseuv._.js:2431
[    1438ms] [LOG] [HMR] connected @ http://localhost:3000/_next/static/chunks/0i.d_next_dist_12dseuv._.js:2431
[    1954ms] [ERROR] A tree hydrated but some attributes of the server rendered HTML didn't match the client properties. This won't be patched up. This can happen if a SSR-ed Client Component used:

- A server/client branch `if (typeof window !== 'undefined')`.
- Variable input such as `Date.now()` or `Math.random()` which changes each time it's called.
- Date formatting in a user's locale which doesn't match the server.
- External changing data without sending a snapshot of it along with the HTML.
- Invalid HTML tag nesting.

It can also happen if the client has a browser extension installed which messes with the HTML before React loaded.

%s%s https://react.dev/link/hydration-mismatch 

  ...
    <HotReload globalError={[...]} webSocket={WebSocket} staticIndicatorState={{pathname:null, ...}}>
      <AppDevOverlayErrorBoundary globalError={[...]}>
        <ReplaySsrOnlyErrors>
        <DevRootHTTPAccessFallbackBoundary>
          <HTTPAccessFallbackBoundary notFound={<NotAllowedRootHTTPFallbackError>}>
            <HTTPAccessFallbackErrorBoundary pathname="/geniki-ka..." notFound={<NotAllowedRootHTTPFallbackError>} ...>
              <RedirectBoundary>
                <RedirectErrorBoundary router={{...}}>
                  <Head>
                  <__next_root_layout_boundary__>
                    <SegmentViewNode type="layout" pagePath="unitedcham...">
                      <SegmentTrieNode>
                      <link>
                      <script>
                      <script>
                      <script>
                      <script>
                      <script>
                      <script>
                      <script>
                      <script>
                      <RootLayout>
                        <html lang="el" className="roboto_con..." suppressHydrationWarning={true} style={{...}}>
                          <head>
                            <style
+                             nonce="DJSDFx+rud77Htvv/qPjTw=="
-                             nonce=""
                            >
+                             :root { --brand-h: 220 }
                          ...
                  ...
 @ http://localhost:3000/_next/static/chunks/0i.d_next_dist_12dseuv._.js:3272
[    2330ms] [ERROR] Loading the script 'https://va.vercel-scripts.com/v1/script.debug.js' violates the following Content Security Policy directive: "script-src 'self' 'nonce-DJSDFx+rud77Htvv/qPjTw==' https://cdnjs.cloudflare.com 'unsafe-eval'". Note that 'script-src-elem' was not explicitly set, so 'script-src' is used as a fallback. The action has been blocked. @ http://localhost:3000/_next/static/chunks/0i.d_%40vercel_analytics_dist_next_index_mjs_0-jiqfn._.js:135
[    2331ms] [ERROR] Loading the script 'https://va.vercel-scripts.com/v1/speed-insights/script.debug.js' violates the following Content Security Policy directive: "script-src 'self' 'nonce-DJSDFx+rud77Htvv/qPjTw==' https://cdnjs.cloudflare.com 'unsafe-eval'". Note that 'script-src-elem' was not explicitly set, so 'script-src' is used as a fallback. The action has been blocked. @ http://localhost:3000/_next/static/chunks/0i.d_%40vercel_speed-insights_dist_next_index_mjs_0xgpi97._.js:152
[    2371ms] [LOG] [Vercel Web Analytics] Failed to load script from https://va.vercel-scripts.com/v1/script.debug.js. Please check if any ad blockers are enabled and try again. @ http://localhost:3000/_next/static/chunks/0i.d_next_dist_12dseuv._.js:2431
[    2372ms] [LOG] [Vercel Speed Insights] Failed to load script from https://va.vercel-scripts.com/v1/speed-insights/script.debug.js. Please check if any content blockers are enabled and try again. @ http://localhost:3000/_next/static/chunks/0i.d_next_dist_12dseuv._.js:2431
[    8394ms] [LOG] [Fast Refresh] rebuilding @ http://localhost:3000/_next/static/chunks/0i.d_next_dist_12dseuv._.js:2431
[    9252ms] [LOG] [Fast Refresh] done in 963ms @ http://localhost:3000/_next/static/chunks/0i.d_next_dist_12dseuv._.js:2431
