[     129ms] [LOG] [Fast Refresh] rebuilding @ http://localhost:3000/_next/static/chunks/0i.d_next_dist_12dseuv._.js:2431
[     243ms] [LOG] [Fast Refresh] done in 219ms @ http://localhost:3000/_next/static/chunks/0i.d_next_dist_12dseuv._.js:2431
[     350ms] [LOG] [Fast Refresh] rebuilding @ http://localhost:3000/_next/static/chunks/0i.d_next_dist_12dseuv._.js:2431
[    1381ms] [INFO] %cDownload the React DevTools for a better development experience: https://react.dev/link/react-devtools font-weight:bold @ http://localhost:3000/_next/static/chunks/0i.d_next_dist_12dseuv._.js:2431
[    1510ms] [LOG] [HMR] connected @ http://localhost:3000/_next/static/chunks/0i.d_next_dist_12dseuv._.js:2431
[    1803ms] [ERROR] A tree hydrated but some attributes of the server rendered HTML didn't match the client properties. This won't be patched up. This can happen if a SSR-ed Client Component used:

- A server/client branch `if (typeof window !== 'undefined')`.
- Variable input such as `Date.now()` or `Math.random()` which changes each time it's called.
- Date formatting in a user's locale which doesn't match the server.
- External changing data without sending a snapshot of it along with the HTML.
- Invalid HTML tag nesting.

It can also happen if the client has a browser extension installed which messes with the HTML before React loaded.

%s%s https://react.dev/link/hydration-mismatch 

  ...
    <HotReload globalError={[...]} webSocket={WebSocket} staticIndicatorState={{pathname:null, ...}}>
      <AppDevOverlayErrorBoundary globalError={[...]}>
        <ReplaySsrOnlyErrors>
        <DevRootHTTPAccessFallbackBoundary>
          <HTTPAccessFallbackBoundary notFound={<NotAllowedRootHTTPFallbackError>}>
            <HTTPAccessFallbackErrorBoundary pathname="/" notFound={<NotAllowedRootHTTPFallbackError>} ...>
              <RedirectBoundary>
                <RedirectErrorBoundary router={{...}}>
                  <Head>
                  <__next_root_layout_boundary__>
                    <SegmentViewNode type="layout" pagePath="unitedcham...">
                      <SegmentTrieNode>
                      <link>
                      <script>
                      <script>
                      <script>
                      <script>
                      <script>
                      <script>
                      <script>
                      <script>
                      <RootLayout>
                        <html lang="el" className="roboto_con..." suppressHydrationWarning={true} style={{...}}>
                          <head>
                            <style
+                             nonce="TGG/asEal4r7OTEz5kABFQ=="
-                             nonce=""
                            >
+                             :root { --brand-h: 220 }
                          ...
                  ...
 @ http://localhost:3000/_next/static/chunks/0i.d_next_dist_12dseuv._.js:3272
[    2365ms] [ERROR] Loading the script 'https://va.vercel-scripts.com/v1/script.debug.js' violates the following Content Security Policy directive: "script-src 'self' 'nonce-TGG/asEal4r7OTEz5kABFQ==' https://cdnjs.cloudflare.com 'unsafe-eval'". Note that 'script-src-elem' was not explicitly set, so 'script-src' is used as a fallback. The action has been blocked. @ http://localhost:3000/_next/static/chunks/0i.d_%40vercel_analytics_dist_next_index_mjs_0-jiqfn._.js:135
[    2366ms] [ERROR] Loading the script 'https://va.vercel-scripts.com/v1/speed-insights/script.debug.js' violates the following Content Security Policy directive: "script-src 'self' 'nonce-TGG/asEal4r7OTEz5kABFQ==' https://cdnjs.cloudflare.com 'unsafe-eval'". Note that 'script-src-elem' was not explicitly set, so 'script-src' is used as a fallback. The action has been blocked. @ http://localhost:3000/_next/static/chunks/0i.d_%40vercel_speed-insights_dist_next_index_mjs_0xgpi97._.js:152
[    2403ms] [LOG] [Vercel Web Analytics] Failed to load script from https://va.vercel-scripts.com/v1/script.debug.js. Please check if any ad blockers are enabled and try again. @ http://localhost:3000/_next/static/chunks/0i.d_next_dist_12dseuv._.js:2431
[    2404ms] [LOG] [Vercel Speed Insights] Failed to load script from https://va.vercel-scripts.com/v1/speed-insights/script.debug.js. Please check if any content blockers are enabled and try again. @ http://localhost:3000/_next/static/chunks/0i.d_next_dist_12dseuv._.js:2431
[    2442ms] [LOG] [Fast Refresh] rebuilding @ http://localhost:3000/_next/static/chunks/0i.d_next_dist_12dseuv._.js:2431
[    2678ms] [WARNING] [VANTA] No THREE defined on window @ http://localhost:3000/_next/static/chunks/0i.d_next_dist_12dseuv._.js:2431
[    2679ms] [ERROR] [VANTA] Init error TypeError: l is not a constructor
    at d.onInit (https://cdnjs.cloudflare.com/ajax/libs/vanta/0.5.24/vanta.topology.min.js:1:9372)
    at d.init (https://cdnjs.cloudflare.com/ajax/libs/vanta/0.5.24/vanta.topology.min.js:1:8002)
    at new r.VantaBase (https://cdnjs.cloudflare.com/ajax/libs/vanta/0.5.24/vanta.topology.min.js:1:2384)
    at new p (https://cdnjs.cloudflare.com/ajax/libs/vanta/0.5.24/vanta.topology.min.js:1:8682)
    at new d (https://cdnjs.cloudflare.com/ajax/libs/vanta/0.5.24/vanta.topology.min.js:1:9341)
    at r.<computed> [as TOPOLOGY] (https://cdnjs.cloudflare.com/ajax/libs/vanta/0.5.24/vanta.topology.min.js:1:1220)
    at VantaSection.useCallback[init] (http://localhost:3000/_next/static/chunks/unitedchamp_unitedchamp_src_0cqinu3._.js:542:45)
    at HTMLScriptElement.<anonymous> (http://localhost:3000/_next/static/chunks/0i.d_next_071yp6c._.js:144:24) @ http://localhost:3000/_next/static/chunks/0i.d_next_dist_12dseuv._.js:3272
[    2679ms] [LOG] [VANTA] Falling back to backgroundColor @ http://localhost:3000/_next/static/chunks/0i.d_next_dist_12dseuv._.js:2431
[    3429ms] [LOG] [Fast Refresh] done in 1094ms @ http://localhost:3000/_next/static/chunks/0i.d_next_dist_12dseuv._.js:2431
[   13244ms] [WARNING] The resource http://localhost:3000/_next/static/chunks/%5Broot-of-the-server%5D__0qsubxi._.css was preloaded using link preload but not used within a few seconds from the window's load event. Please make sure it has an appropriate `as` value and it is preloaded intentionally. @ http://localhost:3000/:0
[   17556ms] [WARNING] The resource http://localhost:3000/_next/static/chunks/%5Broot-of-the-server%5D__0qsubxi._.css was preloaded using link preload but not used within a few seconds from the window's load event. Please make sure it has an appropriate `as` value and it is preloaded intentionally. @ http://localhost:3000/:0
[   21870ms] [WARNING] The resource http://localhost:3000/_next/static/chunks/%5Broot-of-the-server%5D__0qsubxi._.css was preloaded using link preload but not used within a few seconds from the window's load event. Please make sure it has an appropriate `as` value and it is preloaded intentionally. @ http://localhost:3000/:0
